<?xml version="1.0" encoding="UTF-8"?>
<!-- Generated by org.testng.reporters.JUnitXMLReporter -->
<testsuite ignored="4" hostname="Sinchana" failures="0" tests="4" name="Test" time="29.747" errors="0" timestamp="2026-09-11T13:10:26 IST">
  <testcase classname="Practice.CreateOrganizationTest" name="createOrgWithIndustryAndType" time="4.532"/>
  <testcase classname="Practice.CreateOrganizationTest" name="createOrganizationWithMobileTest" time="3.568"/>
  <testcase classname="Practice.CreateContactTest" name="createContactWithOrg" time="8.955"/>
  <testcase classname="Practice.CreateContactTest" name="createContactWithSupportDate" time="2.78"/>
  <testcase classname="Practice.CreateOrganizationTest" name="createOrganizationTest" time="0.0">
    <ignored/>
  </testcase> <!-- createOrganizationTest -->
  <testcase classname="Practice.CreateContactTest" name="createContact" time="0.0">
    <ignored/>
  </testcase> <!-- createContact -->
  <testcase classname="BaseClass.BaseClass" name="@AfterSuite congigAS" time="0.0">
    <ignored/>
  </testcase> <!-- @AfterSuite congigAS -->
  <testcase classname="BaseClass.BaseClass" name="@BeforeSuite confogBc" time="0.0">
    <ignored/>
  </testcase> <!-- @BeforeSuite confogBc -->
</testsuite> <!-- Test -->
