<?xml version="1.0" encoding="UTF-8"?>
<!-- Generated by org.testng.reporters.JUnitXMLReporter -->
<testsuite ignored="6" hostname="Sinchana" failures="0" tests="2" name="Test" time="14.886" errors="0" timestamp="2026-09-11T13:07:48 IST">
  <testcase classname="Practice.CreateOrganizationTest" name="createOrganizationTest" time="4.68"/>
  <testcase classname="Practice.CreateContactTest" name="createContact" time="2.928"/>
  <testcase classname="Practice.CreateOrganizationTest" name="createOrganizationWithMobileTest" time="0.0">
    <ignored/>
  </testcase> <!-- createOrganizationWithMobileTest -->
  <testcase classname="Practice.CreateContactTest" name="createContactWithSupportDate" time="0.0">
    <ignored/>
  </testcase> <!-- createContactWithSupportDate -->
  <testcase classname="Practice.CreateContactTest" name="createContactWithOrg" time="0.0">
    <ignored/>
  </testcase> <!-- createContactWithOrg -->
  <testcase classname="BaseClass.BaseClass" name="@AfterSuite congigAS" time="0.0">
    <ignored/>
  </testcase> <!-- @AfterSuite congigAS -->
  <testcase classname="BaseClass.BaseClass" name="@BeforeSuite confogBc" time="0.0">
    <ignored/>
  </testcase> <!-- @BeforeSuite confogBc -->
  <testcase classname="Practice.CreateOrganizationTest" name="createOrgWithIndustryAndType" time="0.0">
    <ignored/>
  </testcase> <!-- createOrgWithIndustryAndType -->
</testsuite> <!-- Test -->
