<?xml version="1.0" encoding="UTF-8"?>
<!-- Generated by org.testng.reporters.JUnitReportReporter -->
<testsuite hostname="Sinchana" failures="0" tests="3" name="PracticeTest.GetProductPriceTest" time="20.435" errors="0" timestamp="2026-09-09T16:13:55 IST" skipped="0">
  <testcase classname="PracticeTest.GetProductPriceTest" name="getProductePrice" time="6.981"/>
  <testcase classname="PracticeTest.GetProductPriceTest" name="getProductePrice" time="6.811"/>
  <testcase classname="PracticeTest.GetProductPriceTest" name="getProductePrice" time="6.643"/>
</testsuite> <!-- PracticeTest.GetProductPriceTest -->
