<?xml version="1.0" encoding="UTF-8"?>
<!-- Generated by org.testng.reporters.JUnitReportReporter -->
<testsuite hostname="Sinchana" failures="0" tests="3" name="Practice.CreateOrganizationTest" time="31.580" errors="0" timestamp="2026-09-16T11:32:13 IST" skipped="0">
  <testcase classname="Practice.CreateOrganizationTest" name="createOrganizationWithMobileTest" time="10.602"/>
  <testcase classname="Practice.CreateOrganizationTest" name="createOrgWithIndustryAndType" time="10.937"/>
  <testcase classname="Practice.CreateOrganizationTest" name="createOrganizationTest" time="10.041"/>
</testsuite> <!-- Practice.CreateOrganizationTest -->
