<?xml version="1.0" encoding="UTF-8"?>
<!-- Generated by org.testng.reporters.JUnitReportReporter -->
<testsuite hostname="Sinchana" failures="0" tests="3" name="Practice.CreateContactTest" time="36.360" errors="0" timestamp="2026-09-16T11:32:13 IST" skipped="0">
  <testcase classname="Practice.CreateContactTest" name="createContactWithSupportDate" time="9.921"/>
  <testcase classname="Practice.CreateContactTest" name="createContact" time="9.292"/>
  <testcase classname="Practice.CreateContactTest" name="createContactWithOrg" time="17.147"/>
</testsuite> <!-- Practice.CreateContactTest -->
