<?xml version="1.0" encoding="UTF-8"?>
<!-- Generated by org.testng.reporters.JUnitXMLReporter -->
<testsuite ignored="2" hostname="Sinchana" failures="0" tests="6" name="Test" time="39.995" errors="0" timestamp="2026-09-11T12:46:59 IST">
  <testcase classname="Practice.CreateOrganizationTest" name="createOrgWithIndustryAndType" time="4.797"/>
  <testcase classname="Practice.CreateOrganizationTest" name="createOrganizationTest" time="3.679"/>
  <testcase classname="Practice.CreateOrganizationTest" name="createOrganizationWithMobileTest" time="3.601"/>
  <testcase classname="Practice.CreateContactTest" name="createContact" time="2.853"/>
  <testcase classname="Practice.CreateContactTest" name="createContactWithOrg" time="9.492"/>
  <testcase classname="Practice.CreateContactTest" name="createContactWithSupportDate" time="2.767"/>
  <testcase classname="BaseClass.BaseClass" name="@AfterSuite congigAS" time="0.0">
    <ignored/>
  </testcase> <!-- @AfterSuite congigAS -->
  <testcase classname="BaseClass.BaseClass" name="@BeforeSuite confogBc" time="0.0">
    <ignored/>
  </testcase> <!-- @BeforeSuite confogBc -->
</testsuite> <!-- Test -->
