<?xml version="1.0" encoding="UTF-8"?>
<!-- Generated by org.testng.reporters.JUnitXMLReporter -->
<testsuite ignored="2" hostname="Sinchana" failures="0" tests="6" name="Test" time="76.041" errors="0" timestamp="2026-09-16T11:32:13 IST">
  <testcase classname="Practice.CreateOrganizationTest" name="createOrgWithIndustryAndType" time="8.401"/>
  <testcase classname="Practice.CreateOrganizationTest" name="createOrganizationTest" time="7.918"/>
  <testcase classname="Practice.CreateOrganizationTest" name="createOrganizationWithMobileTest" time="8.13"/>
  <testcase classname="Practice.CreateContactTest" name="createContact" time="7.176"/>
  <testcase classname="Practice.CreateContactTest" name="createContactWithOrg" time="14.999"/>
  <testcase classname="Practice.CreateContactTest" name="createContactWithSupportDate" time="7.266"/>
  <testcase classname="BaseClass.BaseClass" name="@AfterSuite congigAS" time="0.0">
    <ignored/>
  </testcase> <!-- @AfterSuite congigAS -->
  <testcase classname="BaseClass.BaseClass" name="@BeforeSuite confogBc" time="0.0">
    <ignored/>
  </testcase> <!-- @BeforeSuite confogBc -->
</testsuite> <!-- Test -->
