<?xml version="1.0" encoding="UTF-8"?>
<!-- Generated by org.testng.reporters.JUnitXMLReporter -->
<testsuite ignored="0" hostname="Sinchana" failures="0" tests="3" name="Test2" time="24.548" errors="0" timestamp="2026-09-11T13:28:30 IST">
  <testcase classname="Practice.CreateContactTest" name="createContact" time="4.142"/>
  <testcase classname="Practice.CreateContactTest" name="createContactWithOrg" time="9.441"/>
  <testcase classname="Practice.CreateContactTest" name="createContactWithSupportDate" time="2.803"/>
</testsuite> <!-- Test2 -->
