<?xml version="1.0" encoding="UTF-8"?>
<!-- Generated by org.testng.reporters.JUnitXMLReporter -->
<testsuite ignored="0" hostname="Sinchana" failures="0" tests="3" name="Test1" time="8.059" errors="0" timestamp="2026-09-11T16:22:32 IST">
  <testcase classname="Practice.CreateContactTest" name="createContact" time="0.0">
    <skipped/>
  </testcase> <!-- createContact -->
  <testcase classname="Practice.CreateContactTest" name="createContactWithOrg" time="0.0">
    <skipped/>
  </testcase> <!-- createContactWithOrg -->
  <testcase classname="Practice.CreateContactTest" name="createContactWithSupportDate" time="0.001">
    <skipped/>
  </testcase> <!-- createContactWithSupportDate -->
</testsuite> <!-- Test1 -->
