<?xml version="1.0" encoding="UTF-8"?>
<testng-results ignored="0" total="6" passed="6" failed="0" skipped="0">
  <reporter-output>
  </reporter-output>
  <suite started-at="2026-09-16T11:30:57 IST" name="Suite" finished-at="2026-09-16T11:32:13 IST" duration-ms="76041">
    <groups>
      <group name="ST">
        <method signature="CreateContactTest.createContact()[pri:0, instance:Practice.CreateContactTest@185a6e9]" name="createContact" class="Practice.CreateContactTest"/>
        <method signature="CreateOrganizationTest.createOrganizationTest()[pri:0, instance:Practice.CreateOrganizationTest@77c2494c]" name="createOrganizationTest" class="Practice.CreateOrganizationTest"/>
      </group> <!-- ST -->
      <group name="RT">
        <method signature="CreateContactTest.createContactWithOrg()[pri:0, instance:Practice.CreateContactTest@185a6e9]" name="createContactWithOrg" class="Practice.CreateContactTest"/>
        <method signature="CreateContactTest.createContactWithSupportDate()[pri:0, instance:Practice.CreateContactTest@185a6e9]" name="createContactWithSupportDate" class="Practice.CreateContactTest"/>
        <method signature="CreateOrganizationTest.createOrgWithIndustryAndType()[pri:0, instance:Practice.CreateOrganizationTest@77c2494c]" name="createOrgWithIndustryAndType" class="Practice.CreateOrganizationTest"/>
        <method signature="CreateOrganizationTest.createOrganizationWithMobileTest()[pri:0, instance:Practice.CreateOrganizationTest@77c2494c]" name="createOrganizationWithMobileTest" class="Practice.CreateOrganizationTest"/>
      </group> <!-- RT -->
    </groups>
    <test started-at="2026-09-16T11:30:57 IST" name="Test" finished-at="2026-09-16T11:32:13 IST" duration-ms="76041">
      <class name="Practice.CreateOrganizationTest">
        <test-method is-config="true" signature="confogBc()[pri:0, instance:Practice.CreateOrganizationTest@77c2494c]" started-at="2026-09-16T11:30:57 IST" name="confogBc" finished-at="2026-09-16T11:30:57 IST" duration-ms="18" status="PASS">
          <reporter-output>
          </reporter-output>
        </test-method> <!-- confogBc -->
        <test-method is-config="true" signature="congigBC()[pri:0, instance:Practice.CreateOrganizationTest@77c2494c]" started-at="2026-09-16T11:30:57 IST" name="congigBC" finished-at="2026-09-16T11:31:03 IST" duration-ms="6164" status="PASS">
          <reporter-output>
          </reporter-output>
        </test-method> <!-- congigBC -->
        <test-method is-config="true" signature="congigBM()[pri:0, instance:Practice.CreateOrganizationTest@77c2494c]" started-at="2026-09-16T11:31:03 IST" name="congigBM" finished-at="2026-09-16T11:31:05 IST" duration-ms="1770" status="PASS">
          <reporter-output>
          </reporter-output>
        </test-method> <!-- congigBM -->
        <test-method signature="createOrgWithIndustryAndType()[pri:0, instance:Practice.CreateOrganizationTest@77c2494c]" started-at="2026-09-16T11:31:05 IST" name="createOrgWithIndustryAndType" finished-at="2026-09-16T11:31:13 IST" duration-ms="8401" status="PASS">
          <reporter-output>
          </reporter-output>
        </test-method> <!-- createOrgWithIndustryAndType -->
        <test-method is-config="true" signature="configAM()[pri:0, instance:Practice.CreateOrganizationTest@77c2494c]" started-at="2026-09-16T11:31:13 IST" name="configAM" finished-at="2026-09-16T11:31:14 IST" duration-ms="777" status="PASS">
          <reporter-output>
          </reporter-output>
        </test-method> <!-- configAM -->
        <test-method is-config="true" signature="congigBM()[pri:0, instance:Practice.CreateOrganizationTest@77c2494c]" started-at="2026-09-16T11:31:14 IST" name="congigBM" finished-at="2026-09-16T11:31:15 IST" duration-ms="1530" status="PASS">
          <reporter-output>
          </reporter-output>
        </test-method> <!-- congigBM -->
        <test-method signature="createOrganizationTest()[pri:0, instance:Practice.CreateOrganizationTest@77c2494c]" started-at="2026-09-16T11:31:15 IST" name="createOrganizationTest" finished-at="2026-09-16T11:31:23 IST" duration-ms="7918" status="PASS">
          <reporter-output>
          </reporter-output>
        </test-method> <!-- createOrganizationTest -->
        <test-method is-config="true" signature="configAM()[pri:0, instance:Practice.CreateOrganizationTest@77c2494c]" started-at="2026-09-16T11:31:23 IST" name="configAM" finished-at="2026-09-16T11:31:24 IST" duration-ms="942" status="PASS">
          <reporter-output>
          </reporter-output>
        </test-method> <!-- configAM -->
        <test-method is-config="true" signature="congigBM()[pri:0, instance:Practice.CreateOrganizationTest@77c2494c]" started-at="2026-09-16T11:31:24 IST" name="congigBM" finished-at="2026-09-16T11:31:26 IST" duration-ms="1346" status="PASS">
          <reporter-output>
          </reporter-output>
        </test-method> <!-- congigBM -->
        <test-method signature="createOrganizationWithMobileTest()[pri:0, instance:Practice.CreateOrganizationTest@77c2494c]" started-at="2026-09-16T11:31:26 IST" name="createOrganizationWithMobileTest" finished-at="2026-09-16T11:31:34 IST" duration-ms="8130" status="PASS">
          <reporter-output>
          </reporter-output>
        </test-method> <!-- createOrganizationWithMobileTest -->
        <test-method is-config="true" signature="configAM()[pri:0, instance:Practice.CreateOrganizationTest@77c2494c]" started-at="2026-09-16T11:31:34 IST" name="configAM" finished-at="2026-09-16T11:31:35 IST" duration-ms="766" status="PASS">
          <reporter-output>
          </reporter-output>
        </test-method> <!-- configAM -->
        <test-method is-config="true" signature="congigAC()[pri:0, instance:Practice.CreateOrganizationTest@77c2494c]" started-at="2026-09-16T11:31:35 IST" name="congigAC" finished-at="2026-09-16T11:31:35 IST" duration-ms="344" status="PASS">
          <reporter-output>
          </reporter-output>
        </test-method> <!-- congigAC -->
        <test-method is-config="true" signature="congigAS()[pri:0, instance:Practice.CreateOrganizationTest@77c2494c]" started-at="2026-09-16T11:32:13 IST" name="congigAS" finished-at="2026-09-16T11:32:13 IST" duration-ms="1" status="PASS">
          <reporter-output>
          </reporter-output>
        </test-method> <!-- congigAS -->
      </class> <!-- Practice.CreateOrganizationTest -->
      <class name="Practice.CreateContactTest">
        <test-method is-config="true" signature="congigBC()[pri:0, instance:Practice.CreateContactTest@185a6e9]" started-at="2026-09-16T11:31:35 IST" name="congigBC" finished-at="2026-09-16T11:31:36 IST" duration-ms="1090" status="PASS">
          <reporter-output>
          </reporter-output>
        </test-method> <!-- congigBC -->
        <test-method is-config="true" signature="congigBM()[pri:0, instance:Practice.CreateContactTest@185a6e9]" started-at="2026-09-16T11:31:36 IST" name="congigBM" finished-at="2026-09-16T11:31:38 IST" duration-ms="1918" status="PASS">
          <reporter-output>
          </reporter-output>
        </test-method> <!-- congigBM -->
        <test-method signature="createContact()[pri:0, instance:Practice.CreateContactTest@185a6e9]" started-at="2026-09-16T11:31:38 IST" name="createContact" finished-at="2026-09-16T11:31:45 IST" duration-ms="7176" status="PASS">
          <reporter-output>
          </reporter-output>
        </test-method> <!-- createContact -->
        <test-method is-config="true" signature="configAM()[pri:0, instance:Practice.CreateContactTest@185a6e9]" started-at="2026-09-16T11:31:45 IST" name="configAM" finished-at="2026-09-16T11:31:46 IST" duration-ms="737" status="PASS">
          <reporter-output>
          </reporter-output>
        </test-method> <!-- configAM -->
        <test-method is-config="true" signature="congigBM()[pri:0, instance:Practice.CreateContactTest@185a6e9]" started-at="2026-09-16T11:31:46 IST" name="congigBM" finished-at="2026-09-16T11:31:47 IST" duration-ms="1329" status="PASS">
          <reporter-output>
          </reporter-output>
        </test-method> <!-- congigBM -->
        <test-method signature="createContactWithOrg()[pri:0, instance:Practice.CreateContactTest@185a6e9]" started-at="2026-09-16T11:31:47 IST" name="createContactWithOrg" finished-at="2026-09-16T11:32:02 IST" duration-ms="14999" status="PASS">
          <reporter-output>
          </reporter-output>
        </test-method> <!-- createContactWithOrg -->
        <test-method is-config="true" signature="configAM()[pri:0, instance:Practice.CreateContactTest@185a6e9]" started-at="2026-09-16T11:32:02 IST" name="configAM" finished-at="2026-09-16T11:32:03 IST" duration-ms="787" status="PASS">
          <reporter-output>
          </reporter-output>
        </test-method> <!-- configAM -->
        <test-method is-config="true" signature="congigBM()[pri:0, instance:Practice.CreateContactTest@185a6e9]" started-at="2026-09-16T11:32:03 IST" name="congigBM" finished-at="2026-09-16T11:32:04 IST" duration-ms="1343" status="PASS">
          <reporter-output>
          </reporter-output>
        </test-method> <!-- congigBM -->
        <test-method signature="createContactWithSupportDate()[pri:0, instance:Practice.CreateContactTest@185a6e9]" started-at="2026-09-16T11:32:04 IST" name="createContactWithSupportDate" finished-at="2026-09-16T11:32:12 IST" duration-ms="7266" status="PASS">
          <reporter-output>
          </reporter-output>
        </test-method> <!-- createContactWithSupportDate -->
        <test-method is-config="true" signature="configAM()[pri:0, instance:Practice.CreateContactTest@185a6e9]" started-at="2026-09-16T11:32:12 IST" name="configAM" finished-at="2026-09-16T11:32:12 IST" duration-ms="805" status="PASS">
          <reporter-output>
          </reporter-output>
        </test-method> <!-- configAM -->
        <test-method is-config="true" signature="congigAC()[pri:0, instance:Practice.CreateContactTest@185a6e9]" started-at="2026-09-16T11:32:12 IST" name="congigAC" finished-at="2026-09-16T11:32:13 IST" duration-ms="378" status="PASS">
          <reporter-output>
          </reporter-output>
        </test-method> <!-- congigAC -->
      </class> <!-- Practice.CreateContactTest -->
    </test> <!-- Test -->
  </suite> <!-- Suite -->
</testng-results>
